#
# There is insufficient memory for the Java Runtime Environment to continue.
# Native memory allocation (malloc) failed to allocate 32744 bytes for ChunkPool::allocate
# Possible reasons:
#   The system is out of physical RAM or swap space
#   In 32 bit mode, the process size limit was hit
# Possible solutions:
#   Reduce memory load on the system
#   Increase physical memory or swap space
#   Check if swap backing store is full
#   Use 64 bit Java on a 64 bit OS
#   Decrease Java heap size (-Xmx/-Xms)
#   Decrease number of Java threads
#   Decrease Java thread stack sizes (-Xss)
#   Set larger code cache with -XX:ReservedCodeCacheSize=
# This output file may be truncated or incomplete.
#
#  Out of Memory Error (allocation.cpp:273), pid=8176, tid=0x000000000000214c
#
# JRE version: Java(TM) SE Runtime Environment (8.0_144-b01) (build 1.8.0_144-b01)
# Java VM: Java HotSpot(TM) 64-Bit Server VM (25.144-b01 mixed mode windows-amd64 compressed oops)
# Failed to write core dump. Minidumps are not enabled by default on client versions of Windows
#

---------------  T H R E A D  ---------------

Current thread (0x0000000013eaa800):  JavaThread "C2 CompilerThread0" daemon [_thread_in_native, id=8524, stack(0x0000000014ed0000,0x0000000014fd0000)]

Stack: [0x0000000014ed0000,0x0000000014fd0000]
[error occurred during error reporting (printing stack bounds), id 0xc0000005]

Native frames: (J=compiled Java code, j=interpreted, Vv=VM code, C=native code)


Current CompileTask:
C2:   3936  443       4       com.sun.tools.javac.file.ZipFileIndex$ZipDirectory::readEntry (587 bytes)


---------------  P R O C E S S  ---------------

Java Threads: ( => current thread )
  0x0000000013f21800 JavaThread "Service Thread" daemon [_thread_blocked, id=2340, stack(0x00000000150d0000,0x00000000151d0000)]
  0x0000000013ead800 JavaThread "C1 CompilerThread1" daemon [_thread_in_native, id=32, stack(0x0000000014fd0000,0x00000000150d0000)]
=>0x0000000013eaa800 JavaThread "C2 CompilerThread0" daemon [_thread_in_native, id=8524, stack(0x0000000014ed0000,0x0000000014fd0000)]
  0x0000000013ea9000 JavaThread "Attach Listener" daemon [_thread_blocked, id=592, stack(0x0000000014dd0000,0x0000000014ed0000)]
  0x0000000013ea5800 JavaThread "Signal Dispatcher" daemon [_thread_blocked, id=8760, stack(0x0000000014cd0000,0x0000000014dd0000)]
  0x0000000013e98800 JavaThread "Finalizer" daemon [_thread_blocked, id=7240, stack(0x0000000014ae0000,0x0000000014be0000)]
  0x0000000002e4c800 JavaThread "Reference Handler" daemon [_thread_blocked, id=5744, stack(0x00000000149e0000,0x0000000014ae0000)]
  0x0000000002d5d800 JavaThread "main" [_thread_in_Java, id=2628, stack(0x0000000002b60000,0x0000000002c60000)]

Other Threads:
  0x0000000013e76800 VMThread [stack: 0x00000000148e0000,0x00000000149e0000] [id=8104]
  0x0000000013f2c000 WatcherThread [stack: 0x00000000151d0000,0x00000000152d0000] [id=8012]

VM state:not at safepoint (normal execution)

VM Mutex/Monitor currently owned by a thread: None

Heap:
 PSYoungGen      total 6656K, used 6144K [0x00000000f6380000, 0x00000000f6a80000, 0x0000000100000000)
  eden space 6144K, 100% used [0x00000000f6380000,0x00000000f6980000,0x00000000f6980000)
  from space 512K, 0% used [0x00000000f6980000,0x00000000f6980000,0x00000000f6a00000)
  to   space 512K, 0% used [0x00000000f6a00000,0x00000000f6a00000,0x00000000f6a80000)
 ParOldGen       total 10240K, used 5022K [0x00000000e2a00000, 0x00000000e3400000, 0x00000000f6380000)
  object space 10240K, 49% used [0x00000000e2a00000,0x00000000e2ee7930,0x00000000e3400000)
 Metaspace       used 7462K, capacity 8244K, committed 8448K, reserved 1056768K
  class space    used 900K, capacity 944K, committed 1024K, reserved 1048576K

Card table byte_map: [0x0000000012220000,0x0000000012310000] byte_map_base: 0x0000000011b0b000

Marking Bits: (ParMarkBitMap*) 0x0000000051abd850
 Begin Bits: [0x00000000125b0000, 0x0000000012d08000)
 End Bits:   [0x0000000012d08000, 0x0000000013460000)

Polling page: 0x00000000012f0000

CodeCache: size=245760Kb used=2400Kb max_used=2400Kb free=243359Kb
 bounds [0x0000000002e60000, 0x00000000030d0000, 0x0000000011e60000]
 total_blobs=810 nmethods=524 adapters=200
 compilation: enabled

Compilation events (10 events):
Event: 3.913 Thread 0x0000000013ead800 nmethod 516 0x00000000030af010 code [0x00000000030af1e0, 0x00000000030af938]
Event: 3.914 Thread 0x0000000013ead800  517   !   2       com.sun.tools.javac.file.ZipFileIndex::checkIndex (140 bytes)
Event: 3.916 Thread 0x0000000013ead800 nmethod 517 0x00000000030afbd0 code [0x00000000030afdc0, 0x00000000030b03a8]
Event: 3.917 Thread 0x0000000013ead800  518       2       com.sun.tools.javac.file.JavacFileManager::isValidFile (13 bytes)
Event: 3.917 Thread 0x0000000013ead800 nmethod 518 0x00000000030b0850 code [0x00000000030b09c0, 0x00000000030b0b58]
Event: 3.917 Thread 0x0000000013ead800  519       2       com.sun.tools.javac.file.BaseFileObject::<init> (10 bytes)
Event: 3.917 Thread 0x0000000013ead800 nmethod 519 0x00000000030b0c10 code [0x00000000030b0d60, 0x00000000030b0ed0]
Event: 3.917 Thread 0x0000000013ead800  520   !   2       com.sun.tools.javac.file.ZipFileIndex$DirectoryEntry::initEntries (345 bytes)
Event: 3.920 Thread 0x0000000013ead800 nmethod 520 0x00000000030b0f50 code [0x00000000030b1220, 0x00000000030b20a8]
Event: 3.920 Thread 0x0000000013ead800  521       2       com.sun.tools.javac.file.ZipFileIndexArchive::getFileObject (49 bytes)

GC Heap History (10 events):
Event: 0.804 GC heap before
{Heap before GC invocations=2 (full 0):
 PSYoungGen      total 2048K, used 1999K [0x00000000f6380000, 0x00000000f6780000, 0x0000000100000000)
  eden space 1536K, 98% used [0x00000000f6380000,0x00000000f64fbe68,0x00000000f6500000)
  from space 512K, 93% used [0x00000000f6500000,0x00000000f6578020,0x00000000f6580000)
  to   space 512K, 0% used [0x00000000f6700000,0x00000000f6700000,0x00000000f6780000)
 ParOldGen       total 5632K, used 8K [0x00000000e2a00000, 0x00000000e2f80000, 0x00000000f6380000)
  object space 5632K, 0% used [0x00000000e2a00000,0x00000000e2a02000,0x00000000e2f80000)
 Metaspace       used 4164K, capacity 5324K, committed 5504K, reserved 1056768K
  class space    used 493K, capacity 520K, committed 640K, reserved 1048576K
Event: 0.810 GC heap after
Heap after GC invocations=2 (full 0):
 PSYoungGen      total 3584K, used 480K [0x00000000f6380000, 0x00000000f6780000, 0x0000000100000000)
  eden space 3072K, 0% used [0x00000000f6380000,0x00000000f6380000,0x00000000f6680000)
  from space 512K, 93% used [0x00000000f6700000,0x00000000f6778030,0x00000000f6780000)
  to   space 512K, 0% used [0x00000000f6680000,0x00000000f6680000,0x00000000f6700000)
 ParOldGen       total 5632K, used 188K [0x00000000e2a00000, 0x00000000e2f80000, 0x00000000f6380000)
  object space 5632K, 3% used [0x00000000e2a00000,0x00000000e2a2f020,0x00000000e2f80000)
 Metaspace       used 4164K, capacity 5324K, committed 5504K, reserved 1056768K
  class space    used 493K, capacity 520K, committed 640K, reserved 1048576K
}
Event: 1.094 GC heap before
{Heap before GC invocations=3 (full 0):
 PSYoungGen      total 3584K, used 3552K [0x00000000f6380000, 0x00000000f6780000, 0x0000000100000000)
  eden space 3072K, 100% used [0x00000000f6380000,0x00000000f6680000,0x00000000f6680000)
  from space 512K, 93% used [0x00000000f6700000,0x00000000f6778030,0x00000000f6780000)
  to   space 512K, 0% used [0x00000000f6680000,0x00000000f6680000,0x00000000f6700000)
 ParOldGen       total 5632K, used 188K [0x00000000e2a00000, 0x00000000e2f80000, 0x00000000f6380000)
  object space 5632K, 3% used [0x00000000e2a00000,0x00000000e2a2f020,0x00000000e2f80000)
 Metaspace       used 5207K, capacity 6292K, committed 6656K, reserved 1056768K
  class space    used 631K, capacity 656K, committed 768K, reserved 1048576K
Event: 1.097 GC heap after
Heap after GC invocations=3 (full 0):
 PSYoungGen      total 3584K, used 496K [0x00000000f6380000, 0x00000000f6a80000, 0x0000000100000000)
  eden space 3072K, 0% used [0x00000000f6380000,0x00000000f6380000,0x00000000f6680000)
  from space 512K, 96% used [0x00000000f6680000,0x00000000f66fc010,0x00000000f6700000)
  to   space 512K, 0% used [0x00000000f6a00000,0x00000000f6a00000,0x00000000f6a80000)
 ParOldGen       total 5632K, used 540K [0x00000000e2a00000, 0x00000000e2f80000, 0x00000000f6380000)
  object space 5632K, 9% used [0x00000000e2a00000,0x00000000e2a87040,0x00000000e2f80000)
 Metaspace       used 5207K, capacity 6292K, committed 6656K, reserved 1056768K
  class space    used 631K, capacity 656K, committed 768K, reserved 1048576K
}
Event: 1.401 GC heap before
{Heap before GC invocations=4 (full 0):
 PSYoungGen      total 3584K, used 3515K [0x00000000f6380000, 0x00000000f6a80000, 0x0000000100000000)
  eden space 3072K, 98% used [0x00000000f6380000,0x00000000f6672bf0,0x00000000f6680000)
  from space 512K, 96% used [0x00000000f6680000,0x00000000f66fc010,0x00000000f6700000)
  to   space 512K, 0% used [0x00000000f6a00000,0x00000000f6a00000,0x00000000f6a80000)
 ParOldGen       total 5632K, used 540K [0x00000000e2a00000, 0x00000000e2f80000, 0x00000000f6380000)
  object space 5632K, 9% used [0x00000000e2a00000,0x00000000e2a87040,0x00000000e2f80000)
 Metaspace       used 6225K, capacity 7284K, committed 7552K, reserved 1056768K
  class space    used 778K, capacity 816K, committed 896K, reserved 1048576K
Event: 1.408 GC heap after
Heap after GC invocations=4 (full 0):
 PSYoungGen      total 6656K, used 512K [0x00000000f6380000, 0x00000000f6a80000, 0x0000000100000000)
  eden space 6144K, 0% used [0x00000000f6380000,0x00000000f6380000,0x00000000f6980000)
  from space 512K, 100% used [0x00000000f6a00000,0x00000000f6a80000,0x00000000f6a80000)
  to   space 512K, 0% used [0x00000000f6980000,0x00000000f6980000,0x00000000f6a00000)
 ParOldGen       total 5632K, used 903K [0x00000000e2a00000, 0x00000000e2f80000, 0x00000000f6380000)
  object space 5632K, 16% used [0x00000000e2a00000,0x00000000e2ae1f58,0x00000000e2f80000)
 Metaspace       used 6225K, capacity 7284K, committed 7552K, reserved 1056768K
  class space    used 778K, capacity 816K, committed 896K, reserved 1048576K
}
Event: 3.621 GC heap before
{Heap before GC invocations=5 (full 0):
 PSYoungGen      total 6656K, used 6656K [0x00000000f6380000, 0x00000000f6a80000, 0x0000000100000000)
  eden space 6144K, 100% used [0x00000000f6380000,0x00000000f6980000,0x00000000f6980000)
  from space 512K, 100% used [0x00000000f6a00000,0x00000000f6a80000,0x00000000f6a80000)
  to   space 512K, 0% used [0x00000000f6980000,0x00000000f6980000,0x00000000f6a00000)
 ParOldGen       total 5632K, used 903K [0x00000000e2a00000, 0x00000000e2f80000, 0x00000000f6380000)
  object space 5632K, 16% used [0x00000000e2a00000,0x00000000e2ae1f58,0x00000000e2f80000)
 Metaspace       used 7328K, capacity 8084K, committed 8448K, reserved 1056768K
  class space    used 893K, capacity 912K, committed 1024K, reserved 1048576K
Event: 3.632 GC heap after
Heap after GC invocations=5 (full 0):
 PSYoungGen      total 6656K, used 512K [0x00000000f6380000, 0x00000000f6a80000, 0x0000000100000000)
  eden space 6144K, 0% used [0x00000000f6380000,0x00000000f6380000,0x00000000f6980000)
  from space 512K, 100% used [0x00000000f6980000,0x00000000f6a00000,0x00000000f6a00000)
  to   space 512K, 0% used [0x00000000f6a00000,0x00000000f6a00000,0x00000000f6a80000)
 ParOldGen       total 5632K, used 4638K [0x00000000e2a00000, 0x00000000e2f80000, 0x00000000f6380000)
  object space 5632K, 82% used [0x00000000e2a00000,0x00000000e2e87860,0x00000000e2f80000)
 Metaspace       used 7328K, capacity 8084K, committed 8448K, reserved 1056768K
  class space    used 893K, capacity 912K, committed 1024K, reserved 1048576K
}
Event: 3.632 GC heap before
{Heap before GC invocations=6 (full 1):
 PSYoungGen      total 6656K, used 512K [0x00000000f6380000, 0x00000000f6a80000, 0x0000000100000000)
  eden space 6144K, 0% used [0x00000000f6380000,0x00000000f6380000,0x00000000f6980000)
  from space 512K, 100% used [0x00000000f6980000,0x00000000f6a00000,0x00000000f6a00000)
  to   space 512K, 0% used [0x00000000f6a00000,0x00000000f6a00000,0x00000000f6a80000)
 ParOldGen       total 5632K, used 4638K [0x00000000e2a00000, 0x00000000e2f80000, 0x00000000f6380000)
  object space 5632K, 82% used [0x00000000e2a00000,0x00000000e2e87860,0x00000000e2f80000)
 Metaspace       used 7328K, capacity 8084K, committed 8448K, reserved 1056768K
  class space    used 893K, capacity 912K, committed 1024K, reserved 1048576K
Event: 3.688 GC heap after
Heap after GC invocations=6 (full 1):
 PSYoungGen      total 6656K, used 0K [0x00000000f6380000, 0x00000000f6a80000, 0x0000000100000000)
  eden space 6144K, 0% used [0x00000000f6380000,0x00000000f6380000,0x00000000f6980000)
  from space 512K, 0% used [0x00000000f6980000,0x00000000f6980000,0x00000000f6a00000)
  to   space 512K, 0% used [0x00000000f6a00000,0x00000000f6a00000,0x00000000f6a80000)
 ParOldGen       total 10240K, used 5022K [0x00000000e2a00000, 0x00000000e3400000, 0x00000000f6380000)
  object space 10240K, 49% used [0x00000000e2a00000,0x00000000e2ee7930,0x00000000e3400000)
 Metaspace       used 7328K, capacity 8084K, committed 8448K, reserved 1056768K
  class space    used 893K, capacity 912K, committed 1024K, reserved 1048576K
}

Deoptimization events (4 events):
Event: 1.504 Thread 0x0000000002d5d800 Uncommon trap: reason=unstable_if action=reinterpret pc=0x0000000002fd47dc method=java.lang.String.replace(CC)Ljava/lang/String; @ 26
Event: 1.515 Thread 0x0000000002d5d800 Uncommon trap: reason=class_check action=maybe_recompile pc=0x00000000030085f4 method=sun.misc.URLClassPath.getLoader(I)Lsun/misc/URLClassPath$Loader; @ 94
Event: 1.515 Thread 0x0000000002d5d800 Uncommon trap: reason=unstable_if action=reinterpret pc=0x0000000003013920 method=java.lang.String.indexOf([CII[CIII)I @ 134
Event: 1.581 Thread 0x0000000002d5d800 Uncommon trap: reason=unstable_if action=reinterpret pc=0x000000000301c3b0 method=java.lang.String.<init>([CII)V @ 18

Internal exceptions (10 events):
Event: 0.058 Thread 0x0000000002d5d800 Exception <a 'java/lang/NoSuchMethodError': Method sun.misc.Unsafe.defineClass(Ljava/lang/String;[BII)Ljava/lang/Class; name or signature does not match> (0x00000000f6387cd8) thrown at [C:\re\workspace\8-2-build-windows-amd64-cygwin\jdk8u144\9417\hotspot\
Event: 0.058 Thread 0x0000000002d5d800 Exception <a 'java/lang/NoSuchMethodError': Method sun.misc.Unsafe.prefetchRead(Ljava/lang/Object;J)V name or signature does not match> (0x00000000f6387fc0) thrown at [C:\re\workspace\8-2-build-windows-amd64-cygwin\jdk8u144\9417\hotspot\src\share\vm\prims
Event: 0.469 Thread 0x0000000002d5d800 Exception <a 'java/security/PrivilegedActionException'> (0x00000000f64f9e48) thrown at [C:\re\workspace\8-2-build-windows-amd64-cygwin\jdk8u144\9417\hotspot\src\share\vm\prims\jvm.cpp, line 1390]
Event: 0.469 Thread 0x0000000002d5d800 Exception <a 'java/security/PrivilegedActionException'> (0x00000000f64fa240) thrown at [C:\re\workspace\8-2-build-windows-amd64-cygwin\jdk8u144\9417\hotspot\src\share\vm\prims\jvm.cpp, line 1390]
Event: 0.471 Thread 0x0000000002d5d800 Exception <a 'java/security/PrivilegedActionException'> (0x00000000f64fe338) thrown at [C:\re\workspace\8-2-build-windows-amd64-cygwin\jdk8u144\9417\hotspot\src\share\vm\prims\jvm.cpp, line 1390]
Event: 0.471 Thread 0x0000000002d5d800 Exception <a 'java/security/PrivilegedActionException'> (0x00000000f64fe730) thrown at [C:\re\workspace\8-2-build-windows-amd64-cygwin\jdk8u144\9417\hotspot\src\share\vm\prims\jvm.cpp, line 1390]
Event: 0.700 Thread 0x0000000002d5d800 Exception <a 'java/security/PrivilegedActionException'> (0x00000000f63b3ba0) thrown at [C:\re\workspace\8-2-build-windows-amd64-cygwin\jdk8u144\9417\hotspot\src\share\vm\prims\jvm.cpp, line 1390]
Event: 0.700 Thread 0x0000000002d5d800 Exception <a 'java/security/PrivilegedActionException'> (0x00000000f63b3f98) thrown at [C:\re\workspace\8-2-build-windows-amd64-cygwin\jdk8u144\9417\hotspot\src\share\vm\prims\jvm.cpp, line 1390]
Event: 3.730 Thread 0x0000000002d5d800 Exception <a 'java/io/FileNotFoundException'> (0x00000000f644f300) thrown at [C:\re\workspace\8-2-build-windows-amd64-cygwin\jdk8u144\9417\hotspot\src\share\vm\prims\jni.cpp, line 709]
Event: 3.798 Thread 0x0000000002d5d800 Exception <a 'java/io/FileNotFoundException'> (0x00000000f64a60c0) thrown at [C:\re\workspace\8-2-build-windows-amd64-cygwin\jdk8u144\9417\hotspot\src\share\vm\prims\jni.cpp, line 709]

Events (10 events):
Event: 3.900 loading class com/sun/tools/javac/comp/Attr$15
Event: 3.900 loading class com/sun/tools/javac/comp/Attr$15 done
Event: 3.902 loading class com/sun/source/tree/MemberReferenceTree$ReferenceMode
Event: 3.902 loading class com/sun/source/tree/MemberReferenceTree$ReferenceMode done
Event: 3.903 loading class com/sun/tools/javac/util/JCDiagnostic$DiagnosticType
Event: 3.903 loading class com/sun/tools/javac/util/JCDiagnostic$DiagnosticType done
Event: 3.909 Thread 0x0000000002d5d800 DEOPT PACKING pc=0x0000000003099f2a sp=0x0000000002c5e0b0
Event: 3.909 Thread 0x0000000002d5d800 DEOPT UNPACKING pc=0x0000000002ea747f sp=0x0000000002c5de48 mode 0
Event: 3.913 Thread 0x0000000002d5d800 DEOPT PACKING pc=0x000000000309a709 sp=0x0000000002c5e000
Event: 3.913 Thread 0x0000000002d5d800 DEOPT UNPACKING pc=0x0000000002ea747f sp=0x0000000002c5dd58 mode 0


Dynamic libraries:
0x00007ff627c70000 - 0x00007ff627c77000 	C:\Program Files\Java\jdk1.8.0_144\bin\javac.exe
0x00007ffba0160000 - 0x00007ffba0332000 	C:\Windows\SYSTEM32\ntdll.dll
0x00007ffb9df90000 - 0x00007ffb9e03c000 	C:\Windows\System32\KERNEL32.DLL
0x00007ffb9c8a0000 - 0x00007ffb9cabd000 	C:\Windows\System32\KERNELBASE.dll
0x0000000053120000 - 0x000000005314f000 	C:\Program Files\Java\jdk1.8.0_144\bin\jli.dll
0x0000000053040000 - 0x0000000053112000 	C:\Program Files\Java\jdk1.8.0_144\bin\MSVCR100.dll
0x00007ffb9de80000 - 0x00007ffb9df22000 	C:\Windows\System32\ADVAPI32.dll
0x00007ffb9d700000 - 0x00007ffb9d79e000 	C:\Windows\System32\msvcrt.dll
0x00007ffb9dde0000 - 0x00007ffb9de39000 	C:\Windows\System32\sechost.dll
0x00007ffb9e2b0000 - 0x00007ffb9e3d1000 	C:\Windows\System32\RPCRT4.dll
0x00007ffb9e140000 - 0x00007ffb9e2a5000 	C:\Windows\System32\USER32.dll
0x00007ffb9c6b0000 - 0x00007ffb9c6ce000 	C:\Windows\System32\win32u.dll
0x00007ffb9e100000 - 0x00007ffb9e134000 	C:\Windows\System32\GDI32.dll
0x00007ffb9d510000 - 0x00007ffb9d690000 	C:\Windows\System32\gdi32full.dll
0x00007ffb92760000 - 0x00007ffb929da000 	C:\Windows\WinSxS\amd64_microsoft.windows.common-controls_6595b64144ccf1df_6.0.14393.953_none_42151e83c686086b\COMCTL32.dll
0x00007ffb9fa50000 - 0x00007ffb9fd18000 	C:\Windows\System32\combase.dll
0x00007ffb9d410000 - 0x00007ffb9d505000 	C:\Windows\System32\ucrtbase.dll
0x00007ffb9c830000 - 0x00007ffb9c89a000 	C:\Windows\System32\bcryptPrimitives.dll
0x00007ffb9de40000 - 0x00007ffb9de6e000 	C:\Windows\System32\IMM32.DLL
0x0000000051b40000 - 0x0000000051c12000 	C:\Program Files\Java\jdk1.8.0_144\jre\bin\msvcr100.dll
0x00000000512a0000 - 0x0000000051b3d000 	C:\Program Files\Java\jdk1.8.0_144\jre\bin\server\jvm.dll
0x00007ffb9de70000 - 0x00007ffb9de78000 	C:\Windows\System32\PSAPI.DLL
0x00007ffb88130000 - 0x00007ffb88139000 	C:\Windows\SYSTEM32\WSOCK32.dll
0x00007ffb9aa20000 - 0x00007ffb9aa43000 	C:\Windows\SYSTEM32\WINMM.dll
0x00007ffba0090000 - 0x00007ffba00fa000 	C:\Windows\System32\WS2_32.dll
0x00007ffb8ca30000 - 0x00007ffb8ca3a000 	C:\Windows\SYSTEM32\VERSION.dll
0x00007ffb9a9f0000 - 0x00007ffb9aa1b000 	C:\Windows\SYSTEM32\WINMMBASE.dll
0x00007ffb9c660000 - 0x00007ffb9c6a2000 	C:\Windows\System32\cfgmgr32.dll
0x0000000053dd0000 - 0x0000000053ddf000 	C:\Program Files\Java\jdk1.8.0_144\jre\bin\verify.dll
0x0000000053da0000 - 0x0000000053dc9000 	C:\Program Files\Java\jdk1.8.0_144\jre\bin\java.dll
0x0000000051280000 - 0x0000000051296000 	C:\Program Files\Java\jdk1.8.0_144\jre\bin\zip.dll
0x00007ffb9e540000 - 0x00007ffb9fa48000 	C:\Windows\System32\SHELL32.dll
0x00007ffb9cb60000 - 0x00007ffb9d238000 	C:\Windows\System32\windows.storage.dll
0x00007ffb9c5e0000 - 0x00007ffb9c62c000 	C:\Windows\System32\powrprof.dll
0x00007ffb9df30000 - 0x00007ffb9df82000 	C:\Windows\System32\shlwapi.dll
0x00007ffb9c5d0000 - 0x00007ffb9c5df000 	C:\Windows\System32\kernel.appcore.dll
0x00007ffb9c6d0000 - 0x00007ffb9c779000 	C:\Windows\System32\shcore.dll
0x00007ffb9c640000 - 0x00007ffb9c654000 	C:\Windows\System32\profapi.dll

VM Arguments:
jvm_args: -Dapplication.home=C:\Program Files\Java\jdk1.8.0_144 -Xms8m 
java_command: com.sun.tools.javac.Main Principale.java
java_class_path (initial): C:\Program Files\Java\jdk1.8.0_144/lib/tools.jar;C:\Program Files\Java\jdk1.8.0_144/classes
Launcher Type: SUN_STANDARD

Environment Variables:
PATH=D:\OCaml\bin;C:\OCaml\emacs-23.3\bin;C:\OCaml\bin;C:\Program Files (x86)\Intel\TXE Components\iCLS\;C:\Program Files\Intel\TXE Components\iCLS\;C:\Windows\system32;C:\Windows;C:\Windows\System32\Wbem;C:\Windows\System32\WindowsPowerShell\v1.0\;C:\Program Files\Intel\TXE Components\DAL\;C:\Program Files (x86)\Intel\TXE Components\DAL\;C:\Program Files\Intel\TXE Components\IPT\;C:\Program Files (x86)\Intel\TXE Components\IPT\;C:\Program Files\Intel\WiFi\bin\;C:\Program Files\Common Files\Intel\WirelessCommon\;C:\CamlLight\bin;C:\Program Files\Java\jdk1.8.0_144\bin;C:\Users\LoiC:\Program Files\Java\jdk1.8.0_144\binc\AppData\Local\Microsoft\WindowsApps;C:\Users\Loic\AppData\Local\GitHubDesktop\bin
USERNAME=Loic
OS=Windows_NT
PROCESSOR_IDENTIFIER=Intel64 Family 6 Model 92 Stepping 9, GenuineIntel



---------------  S Y S T E M  ---------------

OS: Windows 10.0 , 64 bit Build 14393 (10.0.14393.1198)

CPU:total 2 (initial active 2) (2 cores per cpu, 1 threads per core) family 6 model 92 stepping 9, cmov, cx8, fxsr, mmx, sse, sse2, sse3, ssse3, sse4.1, sse4.2, popcnt, aes, clmul, erms, 3dnowpref, tsc, tscinvbit

Memory: 4k page, physical 1921312k(177360k free), swap 4091752k(2352k free)

vm_info: Java HotSpot(TM) 64-Bit Server VM (25.144-b01) for windows-amd64 JRE (1.8.0_144-b01), built on Jul 21 2017 21:57:33 by "java_re" with MS VC++ 10.0 (VS2010)

time: Thu May 03 12:23:55 2018
elapsed time: 3 seconds (0d 0h 0m 3s)

