#
# There is insufficient memory for the Java Runtime Environment to continue.
# Native memory allocation (mmap) failed to map 268435456 bytes for Failed to commit area from 0x00000000c0000000 to 0x00000000d0000000 of length 268435456.
# Possible reasons:
#   The system is out of physical RAM or swap space
#   In 32 bit mode, the process size limit was hit
# Possible solutions:
#   Reduce memory load on the system
#   Increase physical memory or swap space
#   Check if swap backing store is full
#   Use 64 bit Java on a 64 bit OS
#   Decrease Java heap size (-Xmx/-Xms)
#   Decrease number of Java threads
#   Decrease Java thread stack sizes (-Xss)
#   Set larger code cache with -XX:ReservedCodeCacheSize=
# This output file may be truncated or incomplete.
#
#  Out of Memory Error (os_windows.cpp:3331), pid=7764, tid=0x00000000000026fc
#
# JRE version:  (8.0_144-b01) (build )
# Java VM: Java HotSpot(TM) 64-Bit Server VM (25.144-b01 mixed mode windows-amd64 compressed oops)
# Failed to write core dump. Minidumps are not enabled by default on client versions of Windows
#

---------------  T H R E A D  ---------------

Current thread (0x00000000024e0800):  JavaThread "Unknown thread" [_thread_in_vm, id=9980, stack(0x0000000000050000,0x0000000000150000)]

Stack: [0x0000000000050000,0x0000000000150000]
[error occurred during error reporting (printing stack bounds), id 0xc0000005]

Native frames: (J=compiled Java code, j=interpreted, Vv=VM code, C=native code)


---------------  P R O C E S S  ---------------

Java Threads: ( => current thread )

Other Threads:

=>0x00000000024e0800 (exited) JavaThread "Unknown thread" [_thread_in_vm, id=9980, stack(0x0000000000050000,0x0000000000150000)]

VM state:not at safepoint (not fully initialized)

VM Mutex/Monitor currently owned by a thread:  ([mutex/lock_event])
[0x00000000026be130] Heap_lock - owner thread: 0x00000000024e0800

GC Heap History (0 events):
No events

Deoptimization events (0 events):
No events

Internal exceptions (0 events):
No events

Events (0 events):
No events


Dynamic libraries:
0x0000000000400000 - 0x000000000044f000 	C:\Users\Loic\eclipse\java-oxygen\eclipse\eclipse.exe
0x00007ffe111d0000 - 0x00007ffe113a2000 	C:\Windows\SYSTEM32\ntdll.dll
0x00007ffe108b0000 - 0x00007ffe1095c000 	C:\Windows\System32\KERNEL32.DLL
0x00007ffe0d8c0000 - 0x00007ffe0dadd000 	C:\Windows\System32\KERNELBASE.dll
0x00007ffe0eb00000 - 0x00007ffe0ec65000 	C:\Windows\System32\USER32.dll
0x00007ffe0d780000 - 0x00007ffe0d79e000 	C:\Windows\System32\win32u.dll
0x00007ffe10eb0000 - 0x00007ffe10ee4000 	C:\Windows\System32\GDI32.dll
0x00007ffe0db40000 - 0x00007ffe0dcc0000 	C:\Windows\System32\gdi32full.dll
0x00007ffe0e7c0000 - 0x00007ffe0e85e000 	C:\Windows\System32\msvcrt.dll
0x00007ffdff660000 - 0x00007ffdff8da000 	C:\Windows\WinSxS\amd64_microsoft.windows.common-controls_6595b64144ccf1df_6.0.14393.953_none_42151e83c686086b\COMCTL32.dll
0x00007ffe10be0000 - 0x00007ffe10ea8000 	C:\Windows\System32\combase.dll
0x00007ffe0e660000 - 0x00007ffe0e755000 	C:\Windows\System32\ucrtbase.dll
0x00007ffe0ec70000 - 0x00007ffe0ed91000 	C:\Windows\System32\RPCRT4.dll
0x00007ffe0d850000 - 0x00007ffe0d8ba000 	C:\Windows\System32\bcryptPrimitives.dll
0x00007ffe0eda0000 - 0x00007ffe0edce000 	C:\Windows\System32\IMM32.DLL
0x0000000072000000 - 0x0000000072012000 	C:\Users\Loic\.p2\pool\plugins\org.eclipse.equinox.launcher.win32.win32.x86_64_1.1.551.v20171108-1834\eclipse_1630.dll
0x00007ffe10960000 - 0x00007ffe10a02000 	C:\Windows\System32\ADVAPI32.dll
0x00007ffe10a80000 - 0x00007ffe10ad9000 	C:\Windows\System32\sechost.dll
0x00007ffdfea10000 - 0x00007ffdfea1a000 	C:\Windows\SYSTEM32\VERSION.dll
0x00007ffe0bea0000 - 0x00007ffe0bf35000 	C:\Windows\system32\uxtheme.dll
0x00007ffe10740000 - 0x00007ffe1089a000 	C:\Windows\System32\MSCTF.dll
0x00007ffe0e870000 - 0x00007ffe0e92f000 	C:\Windows\System32\OLEAUT32.dll
0x00007ffe0de90000 - 0x00007ffe0df2c000 	C:\Windows\System32\msvcp_win.dll
0x0000000067d20000 - 0x00000000685bd000 	C:\Program Files\Java\jdk1.8.0_144\jre\bin\server\jvm.dll
0x00007ffe102e0000 - 0x00007ffe102e8000 	C:\Windows\System32\PSAPI.DLL
0x00007ffe0bc50000 - 0x00007ffe0bc59000 	C:\Windows\SYSTEM32\WSOCK32.dll
0x00007ffe0ea30000 - 0x00007ffe0ea9a000 	C:\Windows\System32\WS2_32.dll
0x00007ffe0bbe0000 - 0x00007ffe0bc03000 	C:\Windows\SYSTEM32\WINMM.dll
0x000000006ce70000 - 0x000000006cf41000 	C:\Windows\SYSTEM32\MSVCR100.dll
0x00007ffe0bbb0000 - 0x00007ffe0bbdb000 	C:\Windows\SYSTEM32\WINMMBASE.dll
0x00007ffe0df30000 - 0x00007ffe0df72000 	C:\Windows\System32\cfgmgr32.dll
0x000000006cd80000 - 0x000000006cd8f000 	C:\Program Files\Java\jdk1.8.0_144\jre\bin\verify.dll
0x000000006cd50000 - 0x000000006cd79000 	C:\Program Files\Java\jdk1.8.0_144\jre\bin\java.dll
0x000000006cd30000 - 0x000000006cd46000 	C:\Program Files\Java\jdk1.8.0_144\jre\bin\zip.dll

VM Arguments:
jvm_args: -Declipse.p2.max.threads=10 -Doomph.update.url=http://download.eclipse.org/oomph/updates/milestone/latest -Doomph.redirection.index.redirection=index:/->http://git.eclipse.org/c/oomph/org.eclipse.oomph.git/plain/setups/ -Dosgi.requiredJavaVersion=1.8 -Dosgi.instance.area.default=@user.home/eclipse-workspace -XX:+UseG1GC -XX:+UseStringDeduplication -Dosgi.requiredJavaVersion=1.8 -Xms256m -Xmx1024m 
java_command: <unknown>
java_class_path (initial): C:\Users\Loic\eclipse\java-oxygen\eclipse\\plugins/org.eclipse.equinox.launcher_1.4.0.v20161219-1356.jar
Launcher Type: generic

Environment Variables:
PATH=C:/Program Files/Java/jdk1.8.0_144/bin/../jre/bin/server;C:/Program Files/Java/jdk1.8.0_144/bin/../jre/bin;C:/Program Files/Java/jdk1.8.0_144/bin/../jre/lib/amd64;C:\Program Files (x86)\Intel\TXE Components\iCLS\;C:\Program Files\Intel\TXE Components\iCLS\;C:\Windows\system32;C:\Windows;C:\Windows\System32\Wbem;C:\Windows\System32\WindowsPowerShell\v1.0\;C:\Program Files\Intel\TXE Components\DAL\;C:\Program Files (x86)\Intel\TXE Components\DAL\;C:\Program Files\Intel\TXE Components\IPT\;C:\Program Files (x86)\Intel\TXE Components\IPT\;C:\Program Files\Intel\WiFi\bin\;C:\Program Files\Common Files\Intel\WirelessCommon\;C:\CamlLight\bin;C:\Program Files\Java\jdk1.8.0_144\bin;C:\Users\LoiC:\Program Files\Java\jdk1.8.0_144\binc\AppData\Local\Microsoft\WindowsApps;C:\Users\Loic\AppData\Local\GitHubDesktop\bin;C:\Users\Loic\Documents\GitHub\JeuVie2018\src;
USERNAME=Loic
OS=Windows_NT
PROCESSOR_IDENTIFIER=Intel64 Family 6 Model 92 Stepping 9, GenuineIntel



---------------  S Y S T E M  ---------------

OS: Windows 10.0 , 64 bit Build 14393 (10.0.14393.1198)

CPU:total 2 (initial active 2) (2 cores per cpu, 1 threads per core) family 6 model 92 stepping 9, cmov, cx8, fxsr, mmx, sse, sse2, sse3, ssse3, sse4.1, sse4.2, popcnt, aes, clmul, erms, 3dnowpref, tsc, tscinvbit

Memory: 4k page, physical 1921312k(214356k free), swap 4559852k(38892k free)

vm_info: Java HotSpot(TM) 64-Bit Server VM (25.144-b01) for windows-amd64 JRE (1.8.0_144-b01), built on Jul 21 2017 21:57:33 by "java_re" with MS VC++ 10.0 (VS2010)

time: Tue Apr 24 11:15:11 2018
elapsed time: 0 seconds (0d 0h 0m 0s)

